<?xml version="1.0" encoding="UTF-8"?>
<!-- Generated by org.testng.reporters.JUnitReportReporter -->
<testsuite skipped="0" hostname="LAPTOP-FTITMHH4" name="example.avanatest.LoginTest" tests="1" failures="0" timestamp="2021-08-27T21:17:01 ICT" time="7.405" errors="0">
  <testcase name="login" time="7.405" classname="example.avanatest.LoginTest"/>
  <system-out/>
</testsuite> <!-- example.avanatest.LoginTest -->
